Initializing channel stdio


<-
{"method":"initialize","id":0,"params":{"processId":2516,"locale":"en-gb","trace":"off","rootPath":"/Users/jairocaro-accinoviciana/pony-example","clientInfo":{"version":"1.74.2","name":"Visual Studio Code"},"workspaceFolders":[{"uri":"file:///Users/jairocaro-accinoviciana/pony-example","name":"pony-example"}],"capabilities":{"textDocument":{"documentHighlight":{"dynamicRegistration":true},"declaration":{"linkSupport":true,"dynamicRegistration":true},"codeAction":{"dynamicRegistration":true,"codeActionLiteralSupport":{"codeActionKind":{"valueSet":["","quickfix","refactor","refactor.extract","refactor.inline","refactor.rewrite","source","source.organizeImports"]}},"disabledSupport":true,"resolveSupport":{"properties":["edit"]},"honorsChangeAnnotations":false,"isPreferredSupport":true,"dataSupport":true},"typeHierarchy":{"dynamicRegistration":true},"selectionRange":{"dynamicRegistration":true},"diagnostic":{"dynamicRegistration":true,"relatedDocumentSupport":false},"inlineValue":{"dynamicRegistration":true},"codeLens":{"dynamicRegistration":true},"onTypeFormatting":{"dynamicRegistration":true},"hover":{"dynamicRegistration":true,"contentFormat":["markdown","plaintext"]},"synchronization":{"willSave":true,"dynamicRegistration":true,"didSave":true,"willSaveWaitUntil":true},"semanticTokens":{"dynamicRegistration":true,"overlappingTokenSupport":false,"formats":["relative"],"requests":{"full":{"delta":true},"range":true},"multilineTokenSupport":false,"serverCancelSupport":true,"tokenTypes":["namespace","type","class","enum","interface","struct","typeParameter","parameter","variable","property","enumMember","event","function","method","macro","keyword","modifier","comment","string","number","regexp","operator","decorator"],"tokenModifiers":["declaration","definition","readonly","static","deprecated","abstract","async","modification","documentation","defaultLibrary"],"augmentsSyntaxTokens":true},"definition":{"linkSupport":true,"dynamicRegistration":true},"documentLink":{"dynamicRegistration":true,"tooltipSupport":true},"inlayHint":{"dynamicRegistration":true,"resolveSupport":{"properties":["tooltip","textEdits","label.tooltip","label.location","label.command"]}},"rangeFormatting":{"dynamicRegistration":true},"implementation":{"linkSupport":true,"dynamicRegistration":true},"references":{"dynamicRegistration":true},"callHierarchy":{"dynamicRegistration":true},"colorProvider":{"dynamicRegistration":true},"rename":{"prepareSupport":true,"dynamicRegistration":true,"prepareSupportDefaultBehavior":1,"honorsChangeAnnotations":true},"documentSymbol":{"hierarchicalDocumentSymbolSupport":true,"tagSupport":{"valueSet":[1]},"dynamicRegistration":true,"symbolKind":{"valueSet":[1,2,3,4,5,6,7,8,9,10,11,12,13,14,15,16,17,18,19,20,21,22,23,24,25,26]},"labelSupport":true},"typeDefinition":{"linkSupport":true,"dynamicRegistration":true},"linkedEditingRange":{"dynamicRegistration":true},"signatureHelp":{"contextSupport":true,"signatureInformation":{"documentationFormat":["markdown","plaintext"],"parameterInformation":{"labelOffsetSupport":true},"activeParameterSupport":true},"dynamicRegistration":true},"formatting":{"dynamicRegistration":true},"publishDiagnostics":{"versionSupport":false,"relatedInformation":true,"tagSupport":{"valueSet":[1,2]},"codeDescriptionSupport":true,"dataSupport":true},"completion":{"contextSupport":true,"completionItem":{"insertReplaceSupport":true,"deprecatedSupport":true,"snippetSupport":true,"commitCharactersSupport":true,"resolveSupport":{"properties":["documentation","detail","additionalTextEdits"]},"insertTextModeSupport":{"valueSet":[1,2]},"tagSupport":{"valueSet":[1]},"documentationFormat":["markdown","plaintext"],"labelDetailsSupport":true,"preselectSupport":true},"dynamicRegistration":true,"insertTextMode":2,"completionItemKind":{"valueSet":[1,2,3,4,5,6,7,8,9,10,11,12,13,14,15,16,17,18,19,20,21,22,23,24,25]},"completionList":{"itemDefaults":["commitCharacters","editRange","insertTextFormat","insertTextMode"]}},"foldingRange":{"foldingRangeKind":{"valueSet":["comment","imports","region"]},"dynamicRegistration":true,"lineFoldingOnly":true,"foldingRange":{"collapsedText":false},"rangeLimit":5000}},"window":{"showMessage":{"messageActionItem":{"additionalPropertiesSupport":true}},"showDocument":{"support":true},"workDoneProgress":true},"workspace":{"workspaceEdit":{"normalizesLineEndings":true,"resourceOperations":["create","rename","delete"],"changeAnnotationSupport":{"groupsOnLabel":true},"documentChanges":true,"failureHandling":"textOnlyTransactional"},"inlayHint":{"refreshSupport":true},"didChangeWatchedFiles":{"dynamicRegistration":true,"relativePatternSupport":true},"didChangeConfiguration":{"dynamicRegistration":true},"fileOperations":{"willRename":true,"dynamicRegistration":true,"didCreate":true,"willDelete":true,"didRename":true,"didDelete":true,"willCreate":true},"workspaceFolders":true,"inlineValue":{"refreshSupport":true},"codeLens":{"refreshSupport":true},"configuration":true,"executeCommand":{"dynamicRegistration":true},"applyEdit":true,"diagnostics":{"refreshSupport":true},"symbol":{"tagSupport":{"valueSet":[1]},"dynamicRegistration":true,"symbolKind":{"valueSet":[1,2,3,4,5,6,7,8,9,10,11,12,13,14,15,16,17,18,19,20,21,22,23,24,25,26]},"resolveSupport":{"properties":["location.range"]}},"semanticTokens":{"refreshSupport":true}},"notebookDocument":{"synchronization":{"dynamicRegistration":true,"executionSummarySupport":true}},"general":{"regularExpressions":{"version":"ES2020","engine":"ECMAScript"},"staleRequestSupport":{"cancel":true,"retryOnContentModified":["textDocument/semanticTokens/full","textDocument/semanticTokens/range","textDocument/semanticTokens/full/delta"]},"markdown":{"parser":"marked","version":"1.1.0"},"positionEncodings":["utf-16"]}},"rootUri":"file:///Users/jairocaro-accinoviciana/pony-example"}}


->
Content-Length: 188

{"id":0,"result":{"serverInfo":{"version":"0.0.1","name":"Pony LS"},"capabilities":{"hoverProvider":true,"diagnosticProvider":{"workspaceDiagnostics":false,"interFileDependencies":true}}}}


->
Content-Length: 98

{"method":"window/showMessage","id":12345,"params":{"message":"Pony LS initializing...","type":2}}


<-
{"method":"initialized","id":null,"params":{}}
Method not implemented: initialized


<-
{"method":"textDocument/diagnostic","id":1,"params":{"textDocument":{"uri":"file:///Users/jairocaro-accinoviciana/pony-example/main.pony"}}}
Method not implemented: textDocument/diagnostic


<-
{"method":"textDocument/hover","id":2,"params":{"position":{"character":17,"line":3},"textDocument":{"uri":"file:///Users/jairocaro-accinoviciana/pony-example/main.pony"}}}
Method not implemented: textDocument/hover


<-
{"method":"$/cancelRequest","id":null,"params":{"id":2}}
Method not implemented: $/cancelRequest


<-
{"method":"textDocument/hover","id":3,"params":{"position":{"character":12,"line":2},"textDocument":{"uri":"file:///Users/jairocaro-accinoviciana/pony-example/main.pony"}}}
Method not implemented: textDocument/hover


<-
{"method":"$/cancelRequest","id":null,"params":{"id":3}}
Method not implemented: $/cancelRequest


<-
{"method":"textDocument/hover","id":4,"params":{"position":{"character":18,"line":3},"textDocument":{"uri":"file:///Users/jairocaro-accinoviciana/pony-example/main.pony"}}}
Method not implemented: textDocument/hover


<-
{"method":"$/cancelRequest","id":null,"params":{"id":4}}
Method not implemented: $/cancelRequest
